<?xml version="1.0" encoding="UTF-8"?>
<!-- Generated by org.testng.reporters.JUnitReportReporter -->
<testsuite hostname="ATMECSINLT-1223" failures="0" tests="2" name="com.atmecs.assessment.ProductDetailsTest" time="4.247" errors="0" timestamp="2023-06-30T14:32:47 IST" skipped="0">
  <testcase classname="com.atmecs.assessment.ProductDetailsTest" name="loginSwagLabs" time="3.988"/>
  <system-out/>
  <testcase classname="com.atmecs.assessment.ProductDetailsTest" name="verifyProductDetails" time="0.259"/>
  <system-out/>
</testsuite> <!-- com.atmecs.assessment.ProductDetailsTest -->
