<?xml version="1.0" encoding="UTF-8"?>
<!-- Generated by org.testng.reporters.JUnitReportReporter -->
<testsuite hostname="ATMECSINLT-1223" failures="0" tests="1" name="com.atmecs.assessment.DataProviderWithExcel" time="0.000" errors="0" timestamp="2023-07-03T15:02:22 IST" skipped="1">
  <testcase classname="com.atmecs.assessment.DataProviderWithExcel" name="Registration_data" time="0.000">
    <skipped/>
  </testcase> <!-- Registration_data -->
  <system-out/>
</testsuite> <!-- com.atmecs.assessment.DataProviderWithExcel -->
