<?xml version="1.0" encoding="UTF-8"?>
<!-- Generated by org.testng.reporters.JUnitReportReporter -->
<testsuite hostname="ATMECSINLT-1223" failures="0" tests="3" name="com.atmecs.assessment.SocialMediaButtonsTest" time="7.416" errors="0" timestamp="2023-06-29T15:47:38 IST" skipped="0">
  <testcase classname="com.atmecs.assessment.SocialMediaButtonsTest" name="loginSwagLabs" time="5.283"/>
  <system-out/>
  <testcase classname="com.atmecs.assessment.SocialMediaButtonsTest" name="testSocialMediaButtons" time="1.615"/>
  <system-out/>
  <testcase classname="com.atmecs.assessment.SocialMediaButtonsTest" name="logOut" time="0.518"/>
  <system-out/>
</testsuite> <!-- com.atmecs.assessment.SocialMediaButtonsTest -->
