<?xml version="1.0" encoding="UTF-8"?>
<!-- Generated by org.testng.reporters.JUnitReportReporter -->
<testsuite hostname="ATMECSINLT-1223" failures="0" tests="4" name="com.atmecs.assessment.AddLowestPriceItem" time="6.863" errors="0" timestamp="2023-06-30T14:21:22 IST" skipped="0">
  <testcase classname="com.atmecs.assessment.AddLowestPriceItem" name="loginSwagLabs" time="5.974"/>
  <system-out/>
  <testcase classname="com.atmecs.assessment.AddLowestPriceItem" name="addLowestPriceItem" time="0.238"/>
  <system-out/>
  <testcase classname="com.atmecs.assessment.AddLowestPriceItem" name="verifyProductOrder" time="0.492"/>
  <system-out/>
  <testcase classname="com.atmecs.assessment.AddLowestPriceItem" name="logOut" time="0.159"/>
  <system-out/>
</testsuite> <!-- com.atmecs.assessment.AddLowestPriceItem -->
