<?xml version="1.0" encoding="UTF-8"?>
<!-- Generated by org.testng.reporters.JUnitReportReporter -->
<testsuite hostname="ATMECSINLT-1223" failures="0" tests="1" name="com.atmecs.assessment.GetDataTest" time="0.000" errors="0" timestamp="2023-06-29T17:00:31 IST" skipped="1">
  <testcase classname="com.atmecs.assessment.GetDataTest" name="login" time="0.000">
    <skipped/>
  </testcase> <!-- login -->
  <system-out/>
</testsuite> <!-- com.atmecs.assessment.GetDataTest -->
