<?xml version="1.0" encoding="UTF-8"?>
<!-- Generated by org.testng.reporters.JUnitReportReporter -->
<testsuite hostname="ATMECSINLT-1223" failures="0" tests="1" name="com.atmecs.assessment.scripts.LowestPriceItemTest" time="7.278" errors="0" timestamp="2023-07-13T11:00:51 IST" skipped="0">
  <testcase classname="com.atmecs.assessment.scripts.LowestPriceItemTest" name="testLowestPriceItem" time="7.278"/>
  <system-out/>
</testsuite> <!-- com.atmecs.assessment.scripts.LowestPriceItemTest -->
