<?xml version="1.0" encoding="UTF-8"?>
<!-- Generated by org.testng.reporters.JUnitReportReporter -->
<testsuite hostname="ATMECSINLT-1223" failures="0" tests="2" name="com.atmecs.assessment.MenuItems" time="8.488" errors="0" timestamp="2023-06-28T16:33:50 IST" skipped="0">
  <testcase classname="com.atmecs.assessment.MenuItems" name="loginSwagLabs" time="3.978"/>
  <system-out/>
  <testcase classname="com.atmecs.assessment.MenuItems" name="verifyMenuButtons" time="4.510"/>
  <system-out/>
</testsuite> <!-- com.atmecs.assessment.MenuItems -->
