<?xml version="1.0" encoding="UTF-8"?>
<!-- Generated by org.testng.reporters.JUnitReportReporter -->
<testsuite hostname="ATMECSINLT-1223" failures="0" tests="1" name="com.atmecs.assessment.scripts.SwagLabsTest" time="7.294" errors="0" timestamp="2023-07-07T17:25:09 IST" skipped="0">
  <testcase classname="com.atmecs.assessment.scripts.SwagLabsTest" name="loginToSwagLabs" time="7.294"/>
  <system-out/>
</testsuite> <!-- com.atmecs.assessment.scripts.SwagLabsTest -->
