<?xml version="1.0" encoding="UTF-8"?>
<!-- Generated by org.testng.reporters.JUnitReportReporter -->
<testsuite hostname="ATMECSINLT-1223" failures="0" tests="3" name="com.atmecs.assessment.MenuItemsTest" time="20.100" errors="0" timestamp="2023-06-30T15:14:11 IST" skipped="0">
  <testcase classname="com.atmecs.assessment.MenuItemsTest" name="loginSwagLabsChrome" time="5.482"/>
  <system-out/>
  <testcase classname="com.atmecs.assessment.MenuItemsTest" name="loginSwagLabsEdge" time="4.754"/>
  <system-out/>
  <testcase classname="com.atmecs.assessment.MenuItemsTest" name="verifyMenuButtons" time="9.864"/>
  <system-out/>
</testsuite> <!-- com.atmecs.assessment.MenuItemsTest -->
