<?xml version="1.0" encoding="UTF-8"?>
<!-- Generated by org.testng.reporters.JUnitReportReporter -->
<testsuite hostname="ATMECSINLT-1223" failures="0" tests="2" name="com.atmecs.assessment.SwagLabsTest" time="17.019" errors="0" timestamp="2023-07-05T10:40:29 IST" skipped="0">
  <testcase classname="com.atmecs.assessment.SwagLabsTest" name="loginToSwagLabs" time="9.437"/>
  <system-out/>
  <testcase classname="com.atmecs.assessment.SwagLabsTest" name="testMenuItems" time="7.582"/>
  <system-out/>
</testsuite> <!-- com.atmecs.assessment.SwagLabsTest -->
