<?xml version="1.0" encoding="UTF-8"?>
<!-- Generated by org.testng.reporters.JUnitReportReporter -->
<testsuite hostname="ATMECSINLT-1223" failures="0" tests="3" name="com.atmecs.assessment.VerifyCheckOutButton" time="4.240" errors="0" timestamp="2023-06-30T15:38:01 IST" skipped="0">
  <testcase classname="com.atmecs.assessment.VerifyCheckOutButton" name="verifyCheckOutButton" time="0.080"/>
  <system-out/>
  <testcase classname="com.atmecs.assessment.VerifyCheckOutButton" name="logOut" time="0.189"/>
  <system-out/>
  <testcase classname="com.atmecs.assessment.VerifyCheckOutButton" name="loginSwagLabs" time="3.971"/>
  <system-out/>
</testsuite> <!-- com.atmecs.assessment.VerifyCheckOutButton -->
